<?xml version="1.0" encoding="UTF-8"?>
<testsuite name="PersonBuilderTest" tests="2" skipped="0" failures="0" errors="0" timestamp="2022-05-06T15:12:51" hostname="DESKTOP-7U78ARU" time="0.045">
  <properties/>
  <testcase name="personBuilderTestAgeNotCorrect()" classname="PersonBuilderTest" time="0.039"/>
  <testcase name="PersonHappyBirthdayTest()" classname="PersonBuilderTest" time="0.004"/>
  <system-out><![CDATA[]]></system-out>
  <system-err><![CDATA[]]></system-err>
</testsuite>
